Code - OSS (1.66.0, undefined, desktop)
Jupyter Extension Version: 2022.3.1000901801.
Python Extension Version: 2022.2.1924087327.
Workspace folder ~/Programming
Info 01:32:50: ZMQ install verified.
Error 01:32:50: extension activation failed [Error: Extension 'ms-toolsai.jupyter' CANNOT use API proposal: notebookEditor.
Its package.json#enabledApiProposals-property declares:  but NOT notebookEditor.
 The missing proposal MUST be added and you must start in extension development mode or use the following command line switch: --enable-proposed-api ms-toolsai.jupyter
	at g (/usr/lib/code/out/vs/workbench/api/node/extensionHostProcess.js:83:66154)
	at Object.onDidChangeCellMetadata (/usr/lib/code/out/vs/workbench/api/node/extensionHostProcess.js:99:52439)
	at u.addEventHandlers (/home/dark/.vscode-oss/extensions/ms-toolsai.jupyter-2022.3.1000901801/out/extension.js:2:735175)
	at new u (/home/dark/.vscode-oss/extensions/ms-toolsai.jupyter-2022.3.1000901801/out/extension.js:2:733840)
	at Object.t.resolveInstance (/home/dark/.vscode-oss/extensions/ms-toolsai.jupyter-2022.3.1000901801/out/extension.js:2:2667221)
	at /home/dark/.vscode-oss/extensions/ms-toolsai.jupyter-2022.3.1000901801/out/extension.js:2:2669159
	at Array.map (<anonymous>)
	at Object.t.resolveInstance (/home/dark/.vscode-oss/extensions/ms-toolsai.jupyter-2022.3.1000901801/out/extension.js:2:2666995)
	at /home/dark/.vscode-oss/extensions/ms-toolsai.jupyter-2022.3.1000901801/out/extension.js:2:2669159
	at Object.t.resolve (/home/dark/.vscode-oss/extensions/ms-toolsai.jupyter-2022.3.1000901801/out/extension.js:2:2669422)
	at /home/dark/.vscode-oss/extensions/ms-toolsai.jupyter-2022.3.1000901801/out/extension.js:2:2652835
	at e._get (/home/dark/.vscode-oss/extensions/ms-toolsai.jupyter-2022.3.1000901801/out/extension.js:2:2652601)
	at e.get (/home/dark/.vscode-oss/extensions/ms-toolsai.jupyter-2022.3.1000901801/out/extension.js:2:2651244)
	at e.dynamicValue (/home/dark/.vscode-oss/extensions/ms-toolsai.jupyter-2022.3.1000901801/out/extension.js:2:2674821)
	at /home/dark/.vscode-oss/extensions/ms-toolsai.jupyter-2022.3.1000901801/out/extension.js:2:2668648
	at c (/home/dark/.vscode-oss/extensions/ms-toolsai.jupyter-2022.3.1000901801/out/extension.js:2:2667664)
	at /home/dark/.vscode-oss/extensions/ms-toolsai.jupyter-2022.3.1000901801/out/extension.js:2:2668588
	at /home/dark/.vscode-oss/extensions/ms-toolsai.jupyter-2022.3.1000901801/out/extension.js:2:2668077
	at Array.map (<anonymous>)
	at /home/dark/.vscode-oss/extensions/ms-toolsai.jupyter-2022.3.1000901801/out/extension.js:2:2668049
	at Array.map (<anonymous>)
	at Object.t.resolveInstance (/home/dark/.vscode-oss/extensions/ms-toolsai.jupyter-2022.3.1000901801/out/extension.js:2:2666995)
	at /home/dark/.vscode-oss/extensions/ms-toolsai.jupyter-2022.3.1000901801/out/extension.js:2:2669159
	at Object.t.resolve (/home/dark/.vscode-oss/extensions/ms-toolsai.jupyter-2022.3.1000901801/out/extension.js:2:2669422)
	at /home/dark/.vscode-oss/extensions/ms-toolsai.jupyter-2022.3.1000901801/out/extension.js:2:2652835
	at e._get (/home/dark/.vscode-oss/extensions/ms-toolsai.jupyter-2022.3.1000901801/out/extension.js:2:2652601)
	at e.get (/home/dark/.vscode-oss/extensions/ms-toolsai.jupyter-2022.3.1000901801/out/extension.js:2:2651244)
	at a.get (/home/dark/.vscode-oss/extensions/ms-toolsai.jupyter-2022.3.1000901801/out/extension.js:2:1109349)
	at /home/dark/.vscode-oss/extensions/ms-toolsai.jupyter-2022.3.1000901801/out/extension.js:2:4538183
	at processTicksAndRejections (node:internal/process/task_queues:96:5)
	at async /home/dark/.vscode-oss/extensions/ms-toolsai.jupyter-2022.3.1000901801/out/extension.js:2:4535892
	at async e.activate (/home/dark/.vscode-oss/extensions/ms-toolsai.jupyter-2022.3.1000901801/out/extension.js:2:4535127)
	at async g._activate (/usr/lib/code/out/vs/workbench/api/node/extensionHostProcess.js:85:8154)
	at async g._waitForDepsThenActivate (/usr/lib/code/out/vs/workbench/api/node/extensionHostProcess.js:85:8096)
	at async g._initialize (/usr/lib/code/out/vs/workbench/api/node/extensionHostProcess.js:85:7460)]
Error 01:32:50: Failed to active the Jupyter Extension [Error: Extension 'ms-toolsai.jupyter' CANNOT use API proposal: notebookEditor.
Its package.json#enabledApiProposals-property declares:  but NOT notebookEditor.
 The missing proposal MUST be added and you must start in extension development mode or use the following command line switch: --enable-proposed-api ms-toolsai.jupyter
	at g (/usr/lib/code/out/vs/workbench/api/node/extensionHostProcess.js:83:66154)
	at Object.onDidChangeCellMetadata (/usr/lib/code/out/vs/workbench/api/node/extensionHostProcess.js:99:52439)
	at u.addEventHandlers (/home/dark/.vscode-oss/extensions/ms-toolsai.jupyter-2022.3.1000901801/out/extension.js:2:735175)
	at new u (/home/dark/.vscode-oss/extensions/ms-toolsai.jupyter-2022.3.1000901801/out/extension.js:2:733840)
	at Object.t.resolveInstance (/home/dark/.vscode-oss/extensions/ms-toolsai.jupyter-2022.3.1000901801/out/extension.js:2:2667221)
	at /home/dark/.vscode-oss/extensions/ms-toolsai.jupyter-2022.3.1000901801/out/extension.js:2:2669159
	at Array.map (<anonymous>)
	at Object.t.resolveInstance (/home/dark/.vscode-oss/extensions/ms-toolsai.jupyter-2022.3.1000901801/out/extension.js:2:2666995)
	at /home/dark/.vscode-oss/extensions/ms-toolsai.jupyter-2022.3.1000901801/out/extension.js:2:2669159
	at Object.t.resolve (/home/dark/.vscode-oss/extensions/ms-toolsai.jupyter-2022.3.1000901801/out/extension.js:2:2669422)
	at /home/dark/.vscode-oss/extensions/ms-toolsai.jupyter-2022.3.1000901801/out/extension.js:2:2652835
	at e._get (/home/dark/.vscode-oss/extensions/ms-toolsai.jupyter-2022.3.1000901801/out/extension.js:2:2652601)
	at e.get (/home/dark/.vscode-oss/extensions/ms-toolsai.jupyter-2022.3.1000901801/out/extension.js:2:2651244)
	at e.dynamicValue (/home/dark/.vscode-oss/extensions/ms-toolsai.jupyter-2022.3.1000901801/out/extension.js:2:2674821)
	at /home/dark/.vscode-oss/extensions/ms-toolsai.jupyter-2022.3.1000901801/out/extension.js:2:2668648
	at c (/home/dark/.vscode-oss/extensions/ms-toolsai.jupyter-2022.3.1000901801/out/extension.js:2:2667664)
	at /home/dark/.vscode-oss/extensions/ms-toolsai.jupyter-2022.3.1000901801/out/extension.js:2:2668588
	at /home/dark/.vscode-oss/extensions/ms-toolsai.jupyter-2022.3.1000901801/out/extension.js:2:2668077
	at Array.map (<anonymous>)
	at /home/dark/.vscode-oss/extensions/ms-toolsai.jupyter-2022.3.1000901801/out/extension.js:2:2668049
	at Array.map (<anonymous>)
	at Object.t.resolveInstance (/home/dark/.vscode-oss/extensions/ms-toolsai.jupyter-2022.3.1000901801/out/extension.js:2:2666995)
	at /home/dark/.vscode-oss/extensions/ms-toolsai.jupyter-2022.3.1000901801/out/extension.js:2:2669159
	at Object.t.resolve (/home/dark/.vscode-oss/extensions/ms-toolsai.jupyter-2022.3.1000901801/out/extension.js:2:2669422)
	at /home/dark/.vscode-oss/extensions/ms-toolsai.jupyter-2022.3.1000901801/out/extension.js:2:2652835
	at e._get (/home/dark/.vscode-oss/extensions/ms-toolsai.jupyter-2022.3.1000901801/out/extension.js:2:2652601)
	at e.get (/home/dark/.vscode-oss/extensions/ms-toolsai.jupyter-2022.3.1000901801/out/extension.js:2:2651244)
	at a.get (/home/dark/.vscode-oss/extensions/ms-toolsai.jupyter-2022.3.1000901801/out/extension.js:2:1109349)
	at /home/dark/.vscode-oss/extensions/ms-toolsai.jupyter-2022.3.1000901801/out/extension.js:2:4538183
	at processTicksAndRejections (node:internal/process/task_queues:96:5)
	at async /home/dark/.vscode-oss/extensions/ms-toolsai.jupyter-2022.3.1000901801/out/extension.js:2:4535892
	at async e.activate (/home/dark/.vscode-oss/extensions/ms-toolsai.jupyter-2022.3.1000901801/out/extension.js:2:4535127)
	at async g._activate (/usr/lib/code/out/vs/workbench/api/node/extensionHostProcess.js:85:8154)
	at async g._waitForDepsThenActivate (/usr/lib/code/out/vs/workbench/api/node/extensionHostProcess.js:85:8096)
	at async g._initialize (/usr/lib/code/out/vs/workbench/api/node/extensionHostProcess.js:85:7460)]
