[2022-04-08 01:08:03.550] [exthost] [info] Extension host with pid 56241 started
[2022-04-08 01:08:03.550] [exthost] [info] Skipping acquiring lock for /home/dark/.config/Code - OSS/User/workspaceStorage/7a9771cfd27cb22d430314c84c274c25.
[2022-04-08 01:08:03.623] [exthost] [info] ExtensionService#_doActivateExtension ms-python.python, startup: false, activationEvent: 'onLanguage:python'
[2022-04-08 01:08:03.707] [exthost] [info] ExtensionService#_doActivateExtension ms-toolsai.jupyter, startup: false, activationEvent: 'onLanguage:python'
[2022-04-08 01:08:03.861] [exthost] [info] ExtensionService#_doActivateExtension vscode.debug-auto-launch, startup: true, activationEvent: '*'
[2022-04-08 01:08:03.864] [exthost] [info] ExtensionService#_doActivateExtension vscode.git-base, startup: true, activationEvent: '*', root cause: vscode.git
[2022-04-08 01:08:03.866] [exthost] [info] ExtensionService#_doActivateExtension vscode.ipynb, startup: true, activationEvent: '*'
[2022-04-08 01:08:03.877] [exthost] [info] ExtensionService#_doActivateExtension iocave.monkey-patch, startup: true, activationEvent: '*'
[2022-04-08 01:08:04.023] [exthost] [info] ExtensionService#_doActivateExtension vscode.git, startup: true, activationEvent: '*'
[2022-04-08 01:08:04.053] [exthost] [info] ExtensionService#_doActivateExtension vscode.github, startup: true, activationEvent: '*'
[2022-04-08 01:08:04.246] [exthost] [info] Eager extensions activated
[2022-04-08 01:08:04.275] [exthost] [info] ExtensionService#_doActivateExtension vscode.emmet, startup: false, activationEvent: 'onStartupFinished'
[2022-04-08 01:08:04.286] [exthost] [info] ExtensionService#_doActivateExtension vscode.merge-conflict, startup: false, activationEvent: 'onStartupFinished'
[2022-04-08 01:08:04.290] [exthost] [info] ExtensionService#_doActivateExtension PKief.material-icon-theme, startup: false, activationEvent: 'onStartupFinished'
[2022-04-08 01:08:04.301] [exthost] [info] ExtensionService#_doActivateExtension zhuangtongfa.material-theme, startup: false, activationEvent: 'onStartupFinished'
[2022-04-08 01:16:42.289] [exthost] [info] ExtensionService#_doActivateExtension vscode.configuration-editing, startup: false, activationEvent: 'onLanguage:jsonc'
[2022-04-08 01:16:42.298] [exthost] [info] ExtensionService#_doActivateExtension vscode.json-language-features, startup: false, activationEvent: 'onLanguage:jsonc'
[2022-04-08 01:16:42.356] [exthost] [info] ExtensionService#_doActivateExtension vscode.typescript-language-features, startup: false, activationEvent: 'onLanguage:jsonc'
[2022-04-08 01:28:22.727] [exthost] [info] ExtensionService#_doActivateExtension esbenp.prettier-vscode, startup: false, activationEvent: 'onStartupFinished'
[2022-04-08 01:32:44.572] [exthost] [info] extension host terminating: renderer closed the socket
[2022-04-08 01:32:44.596] [exthost] [info] Extension host with pid 56241 exiting with code 0
