[2022-03-28 21:23:49.604] [main] [info] window#load: attempt to load window (id: 1)
[2022-03-28 21:23:49.615] [main] [info] update#ctor - updates are disabled as there is no update URL
[2022-03-28 21:23:49.634] [main] [info] ExtensionHostStarterWorker created
[2022-03-28 21:23:52.090] [main] [info] window#load: window reported ready (id: 1)
[2022-03-28 21:23:52.325] [main] [info] Starting extension host with pid 8003 (fork() took 7 ms).
[2022-03-28 21:23:52.325] [main] [info] ExtensionHostStarterWorker.start() took 9 ms.
[2022-03-28 21:24:07.589] [main] [info] window#load: attempt to load window (id: 3)
[2022-03-28 21:24:08.565] [main] [info] window#load: window reported ready (id: 3)
[2022-03-28 21:24:08.754] [main] [info] Starting extension host with pid 8261 (fork() took 5 ms).
[2022-03-28 21:24:08.754] [main] [info] ExtensionHostStarterWorker.start() took 25 ms.
[2022-03-28 21:25:05.798] [main] [info] Extension host with pid 8261 exited with code: 0, signal: null.
[2022-03-28 21:25:07.908] [main] [info] window#load: attempt to load window (id: 4)
[2022-03-28 21:25:08.869] [main] [info] window#load: window reported ready (id: 4)
[2022-03-28 21:25:09.029] [main] [info] Starting extension host with pid 8565 (fork() took 4 ms).
[2022-03-28 21:25:09.029] [main] [info] ExtensionHostStarterWorker.start() took 23 ms.
[2022-03-28 21:36:40.699] [main] [info] window#load: attempt to load window (id: 4)
[2022-03-28 21:36:40.716] [main] [info] Extension host with pid 8565 exited with code: 0, signal: null.
[2022-03-28 21:36:41.689] [main] [info] window#load: window reported ready (id: 4)
[2022-03-28 21:36:41.922] [main] [info] Starting extension host with pid 11495 (fork() took 8 ms).
[2022-03-28 21:36:41.922] [main] [info] ExtensionHostStarterWorker.start() took 10 ms.
[2022-03-28 21:58:13.184] [main] [info] Extension host with pid 11495 exited with code: 0, signal: null.
[2022-03-28 21:58:16.628] [main] [info] window#load: attempt to load window (id: 5)
[2022-03-28 21:58:17.584] [main] [info] window#load: window reported ready (id: 5)
[2022-03-28 21:58:17.723] [main] [info] Starting extension host with pid 17348 (fork() took 8 ms).
[2022-03-28 21:58:17.724] [main] [info] ExtensionHostStarterWorker.start() took 9 ms.
[2022-03-28 21:58:18.779] [main] [info] Extension host with pid 8003 exited with code: 0, signal: null.
[2022-03-28 21:58:27.459] [main] [info] window#load: attempt to load window (id: 5)
[2022-03-28 21:58:27.466] [main] [info] Extension host with pid 17348 exited with code: 0, signal: null.
[2022-03-28 21:58:28.458] [main] [info] window#load: window reported ready (id: 5)
[2022-03-28 21:58:28.637] [main] [info] Starting extension host with pid 17436 (fork() took 6 ms).
[2022-03-28 21:58:28.637] [main] [info] ExtensionHostStarterWorker.start() took 13 ms.
[2022-03-28 22:47:32.527] [main] [info] Waiting for extension host with pid 17436 to exit.
[2022-03-28 22:47:32.548] [main] [info] Extension host with pid 17436 exited with code: 0, signal: null.
