[2022-03-28 21:58:17.789] [renderer5] [critical] Extension 'ms-python.python CANNOT USE these API proposals 'quickPickSortByLabel, testObserver, notebookEditor'. You MUST start in extension development mode or use the --enable-proposed-api command line flag
[2022-03-28 21:58:17.789] [renderer5] [critical] Extension 'ms-toolsai.jupyter CANNOT USE these API proposals 'notebookConcatTextDocument, notebookControllerKind, notebookDebugOptions, notebookDeprecated, notebookEditor, notebookEditorDecorationType, notebookEditorEdit, notebookMessaging, notebookMime, notebookCellExecutionState, portsAttributes, textDocumentNotebook, quickPickSortByLabel'. You MUST start in extension development mode or use the --enable-proposed-api command line flag
[2022-03-28 21:58:28.667] [renderer5] [critical] Extension 'ms-python.python CANNOT USE these API proposals 'quickPickSortByLabel, testObserver, notebookEditor'. You MUST start in extension development mode or use the --enable-proposed-api command line flag
[2022-03-28 21:58:28.667] [renderer5] [critical] Extension 'ms-toolsai.jupyter CANNOT USE these API proposals 'notebookConcatTextDocument, notebookControllerKind, notebookDebugOptions, notebookDeprecated, notebookEditor, notebookEditorDecorationType, notebookEditorEdit, notebookMessaging, notebookMime, notebookCellExecutionState, portsAttributes, textDocumentNotebook, quickPickSortByLabel'. You MUST start in extension development mode or use the --enable-proposed-api command line flag
[2022-03-28 21:58:32.652] [renderer5] [error] [Extension Host] extension activation failed Error: Extension 'ms-toolsai.jupyter' CANNOT use API proposal: notebookEditor.
Its package.json#enabledApiProposals-property declares:  but NOT notebookEditor.
 The missing proposal MUST be added and you must start in extension development mode or use the following command line switch: --enable-proposed-api ms-toolsai.jupyter
	at b (/usr/lib/code/out/vs/workbench/api/node/extensionHostProcess.js:83:64781)
	at Object.onDidChangeCellMetadata (/usr/lib/code/out/vs/workbench/api/node/extensionHostProcess.js:99:51827)
	at u.addEventHandlers (/home/dark/.vscode-oss/extensions/ms-toolsai.jupyter-2022.3.1000752054/out/client/extension.js:2:49093)
	at new u (/home/dark/.vscode-oss/extensions/ms-toolsai.jupyter-2022.3.1000752054/out/client/extension.js:2:47758)
	at Object.t.resolveInstance (/home/dark/.vscode-oss/extensions/ms-toolsai.jupyter-2022.3.1000752054/out/client/extension.js:2:2746346)
	at /home/dark/.vscode-oss/extensions/ms-toolsai.jupyter-2022.3.1000752054/out/client/extension.js:2:2748242
	at Array.map (<anonymous>)
	at Object.t.resolveInstance (/home/dark/.vscode-oss/extensions/ms-toolsai.jupyter-2022.3.1000752054/out/client/extension.js:2:2746120)
	at /home/dark/.vscode-oss/extensions/ms-toolsai.jupyter-2022.3.1000752054/out/client/extension.js:2:2748242
	at /home/dark/.vscode-oss/extensions/ms-toolsai.jupyter-2022.3.1000752054/out/client/extension.js:2:2747190
	at Array.map (<anonymous>)
	at /home/dark/.vscode-oss/extensions/ms-toolsai.jupyter-2022.3.1000752054/out/client/extension.js:2:2747162
	at Array.map (<anonymous>)
	at Object.t.resolveInstance (/home/dark/.vscode-oss/extensions/ms-toolsai.jupyter-2022.3.1000752054/out/client/extension.js:2:2746120)
	at /home/dark/.vscode-oss/extensions/ms-toolsai.jupyter-2022.3.1000752054/out/client/extension.js:2:2748242
	at Object.t.resolve (/home/dark/.vscode-oss/extensions/ms-toolsai.jupyter-2022.3.1000752054/out/client/extension.js:2:2748505)
	at /home/dark/.vscode-oss/extensions/ms-toolsai.jupyter-2022.3.1000752054/out/client/extension.js:2:2734575
	at e._get (/home/dark/.vscode-oss/extensions/ms-toolsai.jupyter-2022.3.1000752054/out/client/extension.js:2:2734341)
	at e.get (/home/dark/.vscode-oss/extensions/ms-toolsai.jupyter-2022.3.1000752054/out/client/extension.js:2:2733053)
	at a.get (/home/dark/.vscode-oss/extensions/ms-toolsai.jupyter-2022.3.1000752054/out/client/extension.js:2:1077063)
	at /home/dark/.vscode-oss/extensions/ms-toolsai.jupyter-2022.3.1000752054/out/client/extension.js:2:1073203
	at processTicksAndRejections (internal/process/task_queues.js:93:5)
	at async /home/dark/.vscode-oss/extensions/ms-toolsai.jupyter-2022.3.1000752054/out/client/extension.js:2:4550901
	at async e.activate (/home/dark/.vscode-oss/extensions/ms-toolsai.jupyter-2022.3.1000752054/out/client/extension.js:2:4550578)
	at async Promise.all (index 1)
