[2022-03-28 21:23:52.903] [sharedprocess] [info] Starting worker process with pid 8066 (type: fileWatcher, window: 1).
[2022-03-28 21:24:08.755] [sharedprocess] [info] Starting worker process with pid 8262 (type: fileWatcher, window: 3).
[2022-03-28 21:25:05.791] [sharedprocess] [info] Worker process with pid 8262 terminated normally (type: fileWatcher, window: 3).
[2022-03-28 21:25:09.030] [sharedprocess] [info] Starting worker process with pid 8566 (type: fileWatcher, window: 4).
[2022-03-28 21:27:06.314] [sharedprocess] [info] Getting Manifest... zhuangtongfa.material-theme
[2022-03-28 21:27:06.826] [sharedprocess] [info] Installing extension: zhuangtongfa.material-theme
[2022-03-28 21:27:09.496] [sharedprocess] [info] Downloaded extension: zhuangtongfa.material-theme /home/dark/.config/Code - OSS/CachedExtensionVSIXs/zhuangtongfa.material-theme-3.13.20
[2022-03-28 21:27:09.626] [sharedprocess] [info] Extracted extension to /home/dark/.vscode-oss/extensions/.75105520-f0a5-48bb-b48d-2f8434f50d30: zhuangtongfa.material-theme
[2022-03-28 21:27:09.636] [sharedprocess] [info] Renamed to /home/dark/.vscode-oss/extensions/zhuangtongfa.material-theme-3.13.20
[2022-03-28 21:27:09.637] [sharedprocess] [info] Extracting completed. zhuangtongfa.material-theme
[2022-03-28 21:27:09.638] [sharedprocess] [info] Extension installed successfully: zhuangtongfa.material-theme
[2022-03-28 21:28:45.415] [sharedprocess] [info] Getting Manifest... pkief.material-icon-theme
[2022-03-28 21:28:46.038] [sharedprocess] [info] Installing extension: pkief.material-icon-theme
[2022-03-28 21:28:53.625] [sharedprocess] [info] Downloaded extension: pkief.material-icon-theme /home/dark/.config/Code - OSS/CachedExtensionVSIXs/pkief.material-icon-theme-4.14.1
[2022-03-28 21:28:54.145] [sharedprocess] [info] Extracted extension to /home/dark/.vscode-oss/extensions/.686cf90f-4cf0-4349-8e8f-759c811e36eb: pkief.material-icon-theme
[2022-03-28 21:28:54.155] [sharedprocess] [info] Renamed to /home/dark/.vscode-oss/extensions/pkief.material-icon-theme-4.14.1
[2022-03-28 21:28:54.156] [sharedprocess] [info] Extracting completed. pkief.material-icon-theme
[2022-03-28 21:28:54.157] [sharedprocess] [info] Extension installed successfully: pkief.material-icon-theme
[2022-03-28 21:30:56.816] [sharedprocess] [info] Getting Manifest... esbenp.prettier-vscode
[2022-03-28 21:30:57.623] [sharedprocess] [info] Installing extension: esbenp.prettier-vscode
[2022-03-28 21:31:16.197] [sharedprocess] [info] Getting Manifest... ms-python.python
[2022-03-28 21:31:16.648] [sharedprocess] [info] Installing extension: ms-python.python
[2022-03-28 21:31:17.228] [sharedprocess] [info] Getting Manifest... ms-toolsai.jupyter
[2022-03-28 21:31:18.859] [sharedprocess] [info] Installing extension: ms-toolsai.jupyter
[2022-03-28 21:31:34.567] [sharedprocess] [info] Downloaded extension: esbenp.prettier-vscode /home/dark/.config/Code - OSS/CachedExtensionVSIXs/esbenp.prettier-vscode-9.4.0
[2022-03-28 21:31:34.864] [sharedprocess] [info] Extracted extension to /home/dark/.vscode-oss/extensions/.fd1ba81c-c4ae-4323-b682-eb06da91f35d: esbenp.prettier-vscode
[2022-03-28 21:31:34.872] [sharedprocess] [info] Renamed to /home/dark/.vscode-oss/extensions/esbenp.prettier-vscode-9.4.0
[2022-03-28 21:31:34.873] [sharedprocess] [info] Extracting completed. esbenp.prettier-vscode
[2022-03-28 21:31:34.874] [sharedprocess] [info] Extension installed successfully: esbenp.prettier-vscode
[2022-03-28 21:32:00.263] [sharedprocess] [info] Downloaded extension: ms-toolsai.jupyter /home/dark/.config/Code - OSS/CachedExtensionVSIXs/ms-toolsai.jupyter-2022.3.1000752054
[2022-03-28 21:32:00.687] [sharedprocess] [info] Extracted extension to /home/dark/.vscode-oss/extensions/.b54de363-1b6f-4355-9081-14600e1eb4cb: ms-toolsai.jupyter
[2022-03-28 21:32:00.701] [sharedprocess] [info] Renamed to /home/dark/.vscode-oss/extensions/ms-toolsai.jupyter-2022.3.1000752054
[2022-03-28 21:32:00.704] [sharedprocess] [info] Extracting completed. ms-toolsai.jupyter
[2022-03-28 21:32:57.398] [sharedprocess] [info] Downloaded extension: ms-python.python /home/dark/.config/Code - OSS/CachedExtensionVSIXs/ms-python.python-2022.2.1924087327
[2022-03-28 21:32:58.687] [sharedprocess] [info] Extracted extension to /home/dark/.vscode-oss/extensions/.e68440b0-853a-48e6-94be-90efd9e26ad6: ms-python.python
[2022-03-28 21:32:58.708] [sharedprocess] [info] Renamed to /home/dark/.vscode-oss/extensions/ms-python.python-2022.2.1924087327
[2022-03-28 21:32:58.710] [sharedprocess] [info] Extracting completed. ms-python.python
[2022-03-28 21:32:58.715] [sharedprocess] [info] Extension installed successfully: ms-toolsai.jupyter
[2022-03-28 21:32:58.715] [sharedprocess] [info] Extension installed successfully: ms-python.python
[2022-03-28 21:34:34.028] [sharedprocess] [info] Getting Manifest... iocave.customize-ui
[2022-03-28 21:34:34.609] [sharedprocess] [info] Installing extension: iocave.customize-ui
[2022-03-28 21:34:35.207] [sharedprocess] [info] Getting Manifest... iocave.monkey-patch
[2022-03-28 21:34:36.167] [sharedprocess] [info] Installing extension: iocave.monkey-patch
[2022-03-28 21:34:39.342] [sharedprocess] [info] Downloaded extension: iocave.monkey-patch /home/dark/.config/Code - OSS/CachedExtensionVSIXs/iocave.monkey-patch-0.1.12
[2022-03-28 21:34:39.380] [sharedprocess] [info] Extracted extension to /home/dark/.vscode-oss/extensions/.dfb193ac-cb61-4b97-a4a2-72cc3ad95c14: iocave.monkey-patch
[2022-03-28 21:34:39.388] [sharedprocess] [info] Renamed to /home/dark/.vscode-oss/extensions/iocave.monkey-patch-0.1.12
[2022-03-28 21:34:39.389] [sharedprocess] [info] Extracting completed. iocave.monkey-patch
[2022-03-28 21:34:40.555] [sharedprocess] [info] Downloaded extension: iocave.customize-ui /home/dark/.config/Code - OSS/CachedExtensionVSIXs/iocave.customize-ui-0.1.59
[2022-03-28 21:34:40.602] [sharedprocess] [info] Extracted extension to /home/dark/.vscode-oss/extensions/.26d2d268-10b2-46e7-891e-4a7bcb068489: iocave.customize-ui
[2022-03-28 21:34:40.612] [sharedprocess] [info] Renamed to /home/dark/.vscode-oss/extensions/iocave.customize-ui-0.1.59
[2022-03-28 21:34:40.615] [sharedprocess] [info] Extracting completed. iocave.customize-ui
[2022-03-28 21:34:40.617] [sharedprocess] [info] Extension installed successfully: iocave.monkey-patch
[2022-03-28 21:34:40.617] [sharedprocess] [info] Extension installed successfully: iocave.customize-ui
[2022-03-28 21:36:40.712] [sharedprocess] [info] Worker process with pid 8566 terminated normally (type: fileWatcher, window: 4).
[2022-03-28 21:36:41.939] [sharedprocess] [info] Starting worker process with pid 11497 (type: fileWatcher, window: 4).
[2022-03-28 21:37:16.500] [sharedprocess] [info] Uninstalling extension: iocave.customize-ui
[2022-03-28 21:37:16.573] [sharedprocess] [info] Detected extension removed from another source iocave.customize-ui
[2022-03-28 21:37:17.102] [sharedprocess] [info] Successfully uninstalled extension: iocave.customize-ui
[2022-03-28 21:46:17.330] [sharedprocess] [info] Uninstalling extension: esbenp.prettier-vscode
[2022-03-28 21:46:17.422] [sharedprocess] [info] Detected extension removed from another source esbenp.prettier-vscode
[2022-03-28 21:46:17.925] [sharedprocess] [info] Successfully uninstalled extension: esbenp.prettier-vscode
[2022-03-28 21:58:13.168] [sharedprocess] [info] Worker process with pid 11497 terminated normally (type: fileWatcher, window: 4).
[2022-03-28 21:58:17.726] [sharedprocess] [info] Starting worker process with pid 17349 (type: fileWatcher, window: 5).
[2022-03-28 21:58:18.769] [sharedprocess] [info] Worker process with pid 8066 terminated normally (type: fileWatcher, window: 1).
[2022-03-28 21:58:27.471] [sharedprocess] [info] Worker process with pid 17349 terminated normally (type: fileWatcher, window: 5).
[2022-03-28 21:58:28.643] [sharedprocess] [info] Starting worker process with pid 17437 (type: fileWatcher, window: 5).
