[2022-04-08 02:02:22.904] [exthost] [info] Extension host with pid 76092 started
[2022-04-08 02:02:22.904] [exthost] [info] Skipping acquiring lock for /home/dark/.config/Code - OSS/User/workspaceStorage/7a9771cfd27cb22d430314c84c274c25.
[2022-04-08 02:02:22.962] [exthost] [info] ExtensionService#_doActivateExtension vscode.configuration-editing, startup: false, activationEvent: 'onLanguage:jsonc'
[2022-04-08 02:02:22.966] [exthost] [info] ExtensionService#_doActivateExtension vscode.json-language-features, startup: false, activationEvent: 'onLanguage:jsonc'
[2022-04-08 02:02:22.977] [exthost] [info] ExtensionService#_doActivateExtension vscode.typescript-language-features, startup: false, activationEvent: 'onLanguage:jsonc'
[2022-04-08 02:02:22.984] [exthost] [info] ExtensionService#_doActivateExtension vscode.debug-auto-launch, startup: true, activationEvent: '*'
[2022-04-08 02:02:22.985] [exthost] [info] ExtensionService#_doActivateExtension vscode.git-base, startup: true, activationEvent: '*', root cause: vscode.git
[2022-04-08 02:02:22.988] [exthost] [info] ExtensionService#_doActivateExtension vscode.ipynb, startup: true, activationEvent: '*'
[2022-04-08 02:02:22.990] [exthost] [info] ExtensionService#_doActivateExtension iocave.monkey-patch, startup: true, activationEvent: '*'
[2022-04-08 02:02:23.047] [exthost] [info] ExtensionService#_doActivateExtension vscode.git, startup: true, activationEvent: '*'
[2022-04-08 02:02:23.067] [exthost] [info] ExtensionService#_doActivateExtension vscode.github, startup: true, activationEvent: '*'
[2022-04-08 02:02:23.095] [exthost] [info] Eager extensions activated
[2022-04-08 02:02:23.121] [exthost] [info] ExtensionService#_doActivateExtension vscode.emmet, startup: false, activationEvent: 'onStartupFinished'
[2022-04-08 02:02:23.128] [exthost] [info] ExtensionService#_doActivateExtension vscode.merge-conflict, startup: false, activationEvent: 'onStartupFinished'
[2022-04-08 02:02:23.130] [exthost] [info] ExtensionService#_doActivateExtension esbenp.prettier-vscode, startup: false, activationEvent: 'onStartupFinished'
[2022-04-08 02:02:23.162] [exthost] [info] ExtensionService#_doActivateExtension PKief.material-icon-theme, startup: false, activationEvent: 'onStartupFinished'
[2022-04-08 02:02:23.169] [exthost] [info] ExtensionService#_doActivateExtension zhuangtongfa.material-theme, startup: false, activationEvent: 'onStartupFinished'
[2022-04-08 02:02:56.713] [exthost] [info] ExtensionService#_doActivateExtension ms-python.python, startup: false, activationEvent: 'onLanguage:python'
[2022-04-08 02:02:56.798] [exthost] [info] ExtensionService#_doActivateExtension ms-toolsai.jupyter, startup: false, activationEvent: 'onLanguage:python'
[2022-04-08 02:05:15.197] [exthost] [info] extension host terminating: renderer closed the socket
[2022-04-08 02:05:15.211] [exthost] [info] Extension host with pid 76092 exiting with code 0
[2022-04-08 02:05:17.051] [exthost] [info] Extension host with pid 76669 started
[2022-04-08 02:05:17.051] [exthost] [info] Skipping acquiring lock for /home/dark/.config/Code - OSS/User/workspaceStorage/7a9771cfd27cb22d430314c84c274c25.
[2022-04-08 02:05:17.097] [exthost] [info] ExtensionService#_doActivateExtension vscode.configuration-editing, startup: false, activationEvent: 'onLanguage:jsonc'
[2022-04-08 02:05:17.100] [exthost] [info] ExtensionService#_doActivateExtension vscode.json-language-features, startup: false, activationEvent: 'onLanguage:jsonc'
[2022-04-08 02:05:17.113] [exthost] [info] ExtensionService#_doActivateExtension vscode.typescript-language-features, startup: false, activationEvent: 'onLanguage:jsonc'
[2022-04-08 02:05:17.120] [exthost] [info] ExtensionService#_doActivateExtension vscode.debug-auto-launch, startup: true, activationEvent: '*'
[2022-04-08 02:05:17.122] [exthost] [info] ExtensionService#_doActivateExtension vscode.git-base, startup: true, activationEvent: '*', root cause: vscode.git
[2022-04-08 02:05:17.124] [exthost] [info] ExtensionService#_doActivateExtension vscode.ipynb, startup: true, activationEvent: '*'
[2022-04-08 02:05:17.126] [exthost] [info] ExtensionService#_doActivateExtension iocave.monkey-patch, startup: true, activationEvent: '*'
[2022-04-08 02:05:17.149] [exthost] [info] ExtensionService#_doActivateExtension vscode.git, startup: true, activationEvent: '*'
[2022-04-08 02:05:17.161] [exthost] [info] ExtensionService#_doActivateExtension vscode.github, startup: true, activationEvent: '*'
[2022-04-08 02:05:17.188] [exthost] [info] Eager extensions activated
[2022-04-08 02:05:17.206] [exthost] [info] ExtensionService#_doActivateExtension vscode.emmet, startup: false, activationEvent: 'onStartupFinished'
[2022-04-08 02:05:17.211] [exthost] [info] ExtensionService#_doActivateExtension vscode.merge-conflict, startup: false, activationEvent: 'onStartupFinished'
[2022-04-08 02:05:17.212] [exthost] [info] ExtensionService#_doActivateExtension esbenp.prettier-vscode, startup: false, activationEvent: 'onStartupFinished'
[2022-04-08 02:05:17.235] [exthost] [info] ExtensionService#_doActivateExtension PKief.material-icon-theme, startup: false, activationEvent: 'onStartupFinished'
[2022-04-08 02:05:17.241] [exthost] [info] ExtensionService#_doActivateExtension zhuangtongfa.material-theme, startup: false, activationEvent: 'onStartupFinished'
[2022-04-08 02:05:18.478] [exthost] [info] ExtensionService#_doActivateExtension ms-python.python, startup: false, activationEvent: 'onLanguage:python'
[2022-04-08 02:05:18.533] [exthost] [info] ExtensionService#_doActivateExtension ms-toolsai.jupyter, startup: false, activationEvent: 'onLanguage:python'
[2022-04-08 02:05:30.602] [exthost] [info] extension host terminating: renderer closed the socket
[2022-04-08 02:05:30.617] [exthost] [info] Extension host with pid 76669 exiting with code 0
[2022-04-08 02:05:31.581] [exthost] [info] Extension host with pid 76763 started
[2022-04-08 02:05:31.581] [exthost] [info] Skipping acquiring lock for /home/dark/.config/Code - OSS/User/workspaceStorage/7a9771cfd27cb22d430314c84c274c25.
[2022-04-08 02:05:31.642] [exthost] [info] ExtensionService#_doActivateExtension vscode.configuration-editing, startup: false, activationEvent: 'onLanguage:jsonc'
[2022-04-08 02:05:31.645] [exthost] [info] ExtensionService#_doActivateExtension vscode.json-language-features, startup: false, activationEvent: 'onLanguage:jsonc'
[2022-04-08 02:05:31.658] [exthost] [info] ExtensionService#_doActivateExtension vscode.typescript-language-features, startup: false, activationEvent: 'onLanguage:jsonc'
[2022-04-08 02:05:31.666] [exthost] [info] ExtensionService#_doActivateExtension vscode.debug-auto-launch, startup: true, activationEvent: '*'
[2022-04-08 02:05:31.667] [exthost] [info] ExtensionService#_doActivateExtension vscode.git-base, startup: true, activationEvent: '*', root cause: vscode.git
[2022-04-08 02:05:31.669] [exthost] [info] ExtensionService#_doActivateExtension vscode.ipynb, startup: true, activationEvent: '*'
[2022-04-08 02:05:31.672] [exthost] [info] ExtensionService#_doActivateExtension iocave.monkey-patch, startup: true, activationEvent: '*'
[2022-04-08 02:05:31.694] [exthost] [info] ExtensionService#_doActivateExtension vscode.git, startup: true, activationEvent: '*'
[2022-04-08 02:05:31.705] [exthost] [info] ExtensionService#_doActivateExtension vscode.github, startup: true, activationEvent: '*'
[2022-04-08 02:05:31.726] [exthost] [info] Eager extensions activated
[2022-04-08 02:05:31.741] [exthost] [info] ExtensionService#_doActivateExtension vscode.emmet, startup: false, activationEvent: 'onStartupFinished'
[2022-04-08 02:05:31.746] [exthost] [info] ExtensionService#_doActivateExtension vscode.merge-conflict, startup: false, activationEvent: 'onStartupFinished'
[2022-04-08 02:05:31.748] [exthost] [info] ExtensionService#_doActivateExtension esbenp.prettier-vscode, startup: false, activationEvent: 'onStartupFinished'
[2022-04-08 02:05:31.787] [exthost] [info] ExtensionService#_doActivateExtension PKief.material-icon-theme, startup: false, activationEvent: 'onStartupFinished'
[2022-04-08 02:05:31.794] [exthost] [info] ExtensionService#_doActivateExtension zhuangtongfa.material-theme, startup: false, activationEvent: 'onStartupFinished'
[2022-04-08 02:05:33.939] [exthost] [info] ExtensionService#_doActivateExtension ms-python.python, startup: false, activationEvent: 'onLanguage:python'
[2022-04-08 02:05:33.996] [exthost] [info] ExtensionService#_doActivateExtension ms-toolsai.jupyter, startup: false, activationEvent: 'onLanguage:python'
[2022-04-08 02:20:23.415] [exthost] [info] extension host terminating: renderer closed the socket
[2022-04-08 02:20:23.430] [exthost] [info] Extension host with pid 76763 exiting with code 0
